<?xml version="1.0" encoding="UTF-8"?><testrun name="CalculadoraTest" project="treinando" tests="12" started="12" failures="0" errors="1" ignored="0">
  <testsuite name="testes.CalculadoraTest" time="0.138" displayname="CalculadoraTest" uniqueid="[engine:junit-jupiter]/[class:testes.CalculadoraTest]">
    <testcase name="testeMultiplicacaoResultadoPositivo" classname="testes.CalculadoraTest" time="0.062" displayname="Teste de Multiplicação" uniqueid="[engine:junit-jupiter]/[class:testes.CalculadoraTest]/[method:testeMultiplicacaoResultadoPositivo()]"/>
    <testsuite name="testSubtracaoMassaDeTeste_ResultadoZero(testes.CalculadoraTest)" time="0.032" displayname="testSubtracaoMassaDeTeste_ResultadoZero(int, int)" parameters="int,int" uniqueid="[engine:junit-jupiter]/[class:testes.CalculadoraTest]/[test-template:testSubtracaoMassaDeTeste_ResultadoZero(int, int)]">
      <testcase name="testSubtracaoMassaDeTeste_ResultadoZero" classname="testes.CalculadoraTest" time="0.032" dynamicTest="true" displayname="[1] -1, 0" parameters="int,int" uniqueid="[engine:junit-jupiter]/[class:testes.CalculadoraTest]/[test-template:testSubtracaoMassaDeTeste_ResultadoZero(int, int)]/[test-template-invocation:#1]"/>
      <testcase name="testSubtracaoMassaDeTeste_ResultadoZero" classname="testes.CalculadoraTest" time="0.002" dynamicTest="true" displayname="[2] 0, 0" parameters="int,int" uniqueid="[engine:junit-jupiter]/[class:testes.CalculadoraTest]/[test-template:testSubtracaoMassaDeTeste_ResultadoZero(int, int)]/[test-template-invocation:#2]"/>
      <testcase name="testSubtracaoMassaDeTeste_ResultadoZero" classname="testes.CalculadoraTest" time="0.004" dynamicTest="true" displayname="[3] 1, 0" parameters="int,int" uniqueid="[engine:junit-jupiter]/[class:testes.CalculadoraTest]/[test-template:testSubtracaoMassaDeTeste_ResultadoZero(int, int)]/[test-template-invocation:#3]"/>
    </testsuite>
    <testsuite name="testSubtracaoParametrizada_ResultadoZero(testes.CalculadoraTest)" time="0.001" displayname="testSubtracaoParametrizada_ResultadoZero(int)" parameters="int" uniqueid="[engine:junit-jupiter]/[class:testes.CalculadoraTest]/[test-template:testSubtracaoParametrizada_ResultadoZero(int)]">
      <testcase name="testSubtracaoParametrizada_ResultadoZero" classname="testes.CalculadoraTest" time="0.001" dynamicTest="true" displayname="[1] -2147483648" parameters="int" uniqueid="[engine:junit-jupiter]/[class:testes.CalculadoraTest]/[test-template:testSubtracaoParametrizada_ResultadoZero(int)]/[test-template-invocation:#1]"/>
      <testcase name="testSubtracaoParametrizada_ResultadoZero" classname="testes.CalculadoraTest" time="0.001" dynamicTest="true" displayname="[2] -1" parameters="int" uniqueid="[engine:junit-jupiter]/[class:testes.CalculadoraTest]/[test-template:testSubtracaoParametrizada_ResultadoZero(int)]/[test-template-invocation:#2]"/>
      <testcase name="testSubtracaoParametrizada_ResultadoZero" classname="testes.CalculadoraTest" time="0.001" dynamicTest="true" displayname="[3] 0" parameters="int" uniqueid="[engine:junit-jupiter]/[class:testes.CalculadoraTest]/[test-template:testSubtracaoParametrizada_ResultadoZero(int)]/[test-template-invocation:#3]"/>
      <testcase name="testSubtracaoParametrizada_ResultadoZero" classname="testes.CalculadoraTest" time="0.001" dynamicTest="true" displayname="[4] 1" parameters="int" uniqueid="[engine:junit-jupiter]/[class:testes.CalculadoraTest]/[test-template:testSubtracaoParametrizada_ResultadoZero(int)]/[test-template-invocation:#4]"/>
      <testcase name="testSubtracaoParametrizada_ResultadoZero" classname="testes.CalculadoraTest" time="0.0" dynamicTest="true" displayname="[5] 2147483647" parameters="int" uniqueid="[engine:junit-jupiter]/[class:testes.CalculadoraTest]/[test-template:testSubtracaoParametrizada_ResultadoZero(int)]/[test-template-invocation:#5]"/>
    </testsuite>
    <testcase name="testeDividisaoResultadoPositivo" classname="testes.CalculadoraTest" time="0.0" displayname="Teste de Divisão" uniqueid="[engine:junit-jupiter]/[class:testes.CalculadoraTest]/[method:testeDividisaoResultadoPositivo()]"/>
    <testcase name="testeSomaResultadoPositivo" classname="testes.CalculadoraTest" time="0.027" displayname="Teste de Soma" uniqueid="[engine:junit-jupiter]/[class:testes.CalculadoraTest]/[method:testeSomaResultadoPositivo()]"/>
    <testsuite name="testSubtracaoMassaDeTesteArquivoCsv_ResultadoZero(testes.CalculadoraTest)" incomplete="true" displayname="testSubtracaoMassaDeTesteArquivoCsv_ResultadoZero(String, String)" parameters="java.lang.String,java.lang.String" uniqueid="[engine:junit-jupiter]/[class:testes.CalculadoraTest]/[test-template:testSubtracaoMassaDeTesteArquivoCsv_ResultadoZero(java.lang.String, java.lang.String)]">
      <error>org.junit.platform.commons.PreconditionViolationException: Classpath resource [/dados(execel).csv] does not exist&#13;
	at org.junit.platform.commons.util.Preconditions.condition(Preconditions.java:296)&#13;
	at org.junit.platform.commons.util.Preconditions.notNull(Preconditions.java:68)&#13;
	at org.junit.jupiter.params.provider.CsvFileArgumentsProvider$DefaultInputStreamProvider.openClasspathResource(CsvFileArgumentsProvider.java:194)&#13;
	at org.junit.jupiter.params.provider.CsvFileArgumentsProvider$InputStreamProvider.lambda$classpathResource$0(CsvFileArgumentsProvider.java:177)&#13;
	at org.junit.jupiter.params.provider.CsvFileArgumentsProvider.lambda$provideArguments$0(CsvFileArgumentsProvider.java:87)&#13;
	at java.base/java.util.stream.ReferencePipeline$3$1.accept(ReferencePipeline.java:195)&#13;
	at java.base/java.util.ArrayList$ArrayListSpliterator.forEachRemaining(ArrayList.java:1625)&#13;
	at java.base/java.util.stream.AbstractPipeline.copyInto(AbstractPipeline.java:484)&#13;
	at java.base/java.util.stream.AbstractPipeline.wrapAndCopyInto(AbstractPipeline.java:474)&#13;
	at java.base/java.util.stream.ForEachOps$ForEachOp.evaluateSequential(ForEachOps.java:150)&#13;
	at java.base/java.util.stream.ForEachOps$ForEachOp$OfRef.evaluateSequential(ForEachOps.java:173)&#13;
	at java.base/java.util.stream.AbstractPipeline.evaluate(AbstractPipeline.java:234)&#13;
	at java.base/java.util.stream.ReferencePipeline.forEach(ReferencePipeline.java:497)&#13;
	at java.base/java.util.stream.ReferencePipeline$7$1.accept(ReferencePipeline.java:274)&#13;
	at java.base/java.util.stream.ReferencePipeline$3$1.accept(ReferencePipeline.java:195)&#13;
	at java.base/java.util.stream.ReferencePipeline$3$1.accept(ReferencePipeline.java:195)&#13;
	at java.base/java.util.stream.ReferencePipeline$3$1.accept(ReferencePipeline.java:195)&#13;
	at java.base/java.util.ArrayList$ArrayListSpliterator.forEachRemaining(ArrayList.java:1625)&#13;
	at java.base/java.util.stream.AbstractPipeline.copyInto(AbstractPipeline.java:484)&#13;
	at java.base/java.util.stream.AbstractPipeline.wrapAndCopyInto(AbstractPipeline.java:474)&#13;
	at java.base/java.util.stream.ForEachOps$ForEachOp.evaluateSequential(ForEachOps.java:150)&#13;
	at java.base/java.util.stream.ForEachOps$ForEachOp$OfRef.evaluateSequential(ForEachOps.java:173)&#13;
	at java.base/java.util.stream.AbstractPipeline.evaluate(AbstractPipeline.java:234)&#13;
	at java.base/java.util.stream.ReferencePipeline.forEach(ReferencePipeline.java:497)&#13;
	at java.base/java.util.stream.ReferencePipeline$7$1.accept(ReferencePipeline.java:274)&#13;
	at java.base/java.util.ArrayList$ArrayListSpliterator.forEachRemaining(ArrayList.java:1625)&#13;
	at java.base/java.util.stream.AbstractPipeline.copyInto(AbstractPipeline.java:484)&#13;
	at java.base/java.util.stream.AbstractPipeline.wrapAndCopyInto(AbstractPipeline.java:474)&#13;
	at java.base/java.util.stream.ForEachOps$ForEachOp.evaluateSequential(ForEachOps.java:150)&#13;
	at java.base/java.util.stream.ForEachOps$ForEachOp$OfRef.evaluateSequential(ForEachOps.java:173)&#13;
	at java.base/java.util.stream.AbstractPipeline.evaluate(AbstractPipeline.java:234)&#13;
	at java.base/java.util.stream.ReferencePipeline.forEach(ReferencePipeline.java:497)&#13;
	at org.junit.jupiter.engine.descriptor.TestTemplateTestDescriptor.execute(TestTemplateTestDescriptor.java:107)&#13;
	at org.junit.jupiter.engine.descriptor.TestTemplateTestDescriptor.execute(TestTemplateTestDescriptor.java:42)&#13;
	at org.junit.platform.engine.support.hierarchical.NodeTestTask.lambda$executeRecursively$5(NodeTestTask.java:139)&#13;
	at org.junit.platform.engine.support.hierarchical.ThrowableCollector.execute(ThrowableCollector.java:73)&#13;
	at org.junit.platform.engine.support.hierarchical.NodeTestTask.lambda$executeRecursively$7(NodeTestTask.java:129)&#13;
	at org.junit.platform.engine.support.hierarchical.Node.around(Node.java:137)&#13;
	at org.junit.platform.engine.support.hierarchical.NodeTestTask.lambda$executeRecursively$8(NodeTestTask.java:127)&#13;
	at org.junit.platform.engine.support.hierarchical.ThrowableCollector.execute(ThrowableCollector.java:73)&#13;
	at org.junit.platform.engine.support.hierarchical.NodeTestTask.executeRecursively(NodeTestTask.java:126)&#13;
	at org.junit.platform.engine.support.hierarchical.NodeTestTask.execute(NodeTestTask.java:84)&#13;
	at java.base/java.util.ArrayList.forEach(ArrayList.java:1511)&#13;
	at org.junit.platform.engine.support.hierarchical.SameThreadHierarchicalTestExecutorService.invokeAll(SameThreadHierarchicalTestExecutorService.java:38)&#13;
	at org.junit.platform.engine.support.hierarchical.NodeTestTask.lambda$executeRecursively$5(NodeTestTask.java:143)&#13;
	at org.junit.platform.engine.support.hierarchical.ThrowableCollector.execute(ThrowableCollector.java:73)&#13;
	at org.junit.platform.engine.support.hierarchical.NodeTestTask.lambda$executeRecursively$7(NodeTestTask.java:129)&#13;
	at org.junit.platform.engine.support.hierarchical.Node.around(Node.java:137)&#13;
	at org.junit.platform.engine.support.hierarchical.NodeTestTask.lambda$executeRecursively$8(NodeTestTask.java:127)&#13;
	at org.junit.platform.engine.support.hierarchical.ThrowableCollector.execute(ThrowableCollector.java:73)&#13;
	at org.junit.platform.engine.support.hierarchical.NodeTestTask.executeRecursively(NodeTestTask.java:126)&#13;
	at org.junit.platform.engine.support.hierarchical.NodeTestTask.execute(NodeTestTask.java:84)&#13;
	at java.base/java.util.ArrayList.forEach(ArrayList.java:1511)&#13;
	at org.junit.platform.engine.support.hierarchical.SameThreadHierarchicalTestExecutorService.invokeAll(SameThreadHierarchicalTestExecutorService.java:38)&#13;
	at org.junit.platform.engine.support.hierarchical.NodeTestTask.lambda$executeRecursively$5(NodeTestTask.java:143)&#13;
	at org.junit.platform.engine.support.hierarchical.ThrowableCollector.execute(ThrowableCollector.java:73)&#13;
	at org.junit.platform.engine.support.hierarchical.NodeTestTask.lambda$executeRecursively$7(NodeTestTask.java:129)&#13;
	at org.junit.platform.engine.support.hierarchical.Node.around(Node.java:137)&#13;
	at org.junit.platform.engine.support.hierarchical.NodeTestTask.lambda$executeRecursively$8(NodeTestTask.java:127)&#13;
	at org.junit.platform.engine.support.hierarchical.ThrowableCollector.execute(ThrowableCollector.java:73)&#13;
	at org.junit.platform.engine.support.hierarchical.NodeTestTask.executeRecursively(NodeTestTask.java:126)&#13;
	at org.junit.platform.engine.support.hierarchical.NodeTestTask.execute(NodeTestTask.java:84)&#13;
	at org.junit.platform.engine.support.hierarchical.SameThreadHierarchicalTestExecutorService.submit(SameThreadHierarchicalTestExecutorService.java:32)&#13;
	at org.junit.platform.engine.support.hierarchical.HierarchicalTestExecutor.execute(HierarchicalTestExecutor.java:57)&#13;
	at org.junit.platform.engine.support.hierarchical.HierarchicalTestEngine.execute(HierarchicalTestEngine.java:51)&#13;
	at org.junit.platform.launcher.core.EngineExecutionOrchestrator.execute(EngineExecutionOrchestrator.java:108)&#13;
	at org.junit.platform.launcher.core.EngineExecutionOrchestrator.execute(EngineExecutionOrchestrator.java:88)&#13;
	at org.junit.platform.launcher.core.EngineExecutionOrchestrator.lambda$execute$0(EngineExecutionOrchestrator.java:54)&#13;
	at org.junit.platform.launcher.core.EngineExecutionOrchestrator.withInterceptedStreams(EngineExecutionOrchestrator.java:67)&#13;
	at org.junit.platform.launcher.core.EngineExecutionOrchestrator.execute(EngineExecutionOrchestrator.java:52)&#13;
	at org.junit.platform.launcher.core.DefaultLauncher.execute(DefaultLauncher.java:96)&#13;
	at org.junit.platform.launcher.core.DefaultLauncher.execute(DefaultLauncher.java:84)&#13;
	at org.eclipse.jdt.internal.junit5.runner.JUnit5TestReference.run(JUnit5TestReference.java:98)&#13;
	at org.eclipse.jdt.internal.junit.runner.TestExecution.run(TestExecution.java:41)&#13;
	at org.eclipse.jdt.internal.junit.runner.RemoteTestRunner.runTests(RemoteTestRunner.java:542)&#13;
	at org.eclipse.jdt.internal.junit.runner.RemoteTestRunner.runTests(RemoteTestRunner.java:770)&#13;
	at org.eclipse.jdt.internal.junit.runner.RemoteTestRunner.run(RemoteTestRunner.java:464)&#13;
	at org.eclipse.jdt.internal.junit.runner.RemoteTestRunner.main(RemoteTestRunner.java:210)&#13;
	Suppressed: org.junit.platform.commons.PreconditionViolationException: Configuration error: You must configure at least one set of arguments for this @ParameterizedTest&#13;
		at org.junit.platform.commons.util.Preconditions.condition(Preconditions.java:281)&#13;
		at org.junit.jupiter.params.ParameterizedTestExtension.lambda$provideTestTemplateInvocationContexts$6(ParameterizedTestExtension.java:94)&#13;
		at java.base/java.util.stream.AbstractPipeline.close(AbstractPipeline.java:323)&#13;
		at java.base/java.util.stream.ReferencePipeline$7$1.accept(ReferencePipeline.java:271)&#13;
		... 53 more&#13;
&#13;
</error>
    </testsuite>
    <testcase name="testeSubtracaoResultadoNegativo" classname="testes.CalculadoraTest" time="0.003" displayname="Teste de Subtração" uniqueid="[engine:junit-jupiter]/[class:testes.CalculadoraTest]/[method:testeSubtracaoResultadoNegativo()]"/>
  </testsuite>
</testrun>
